This file contains any messages produced by compilers while
running configure, to aid debugging if configure makes a mistake.

It was created by LHAPDF configure 5.9.1, which was
generated by GNU Autoconf 2.63.  Invocation command line was

  $ ./configure 

## --------- ##
## Platform. ##
## --------- ##

hostname = rigel-VirtualBox
uname -m = x86_64
uname -r = 5.15.0-76-generic
uname -s = Linux
uname -v = #83-Ubuntu SMP Thu Jun 15 19:16:32 UTC 2023

/usr/bin/uname -p = x86_64
/bin/uname -X     = unknown

/bin/arch              = x86_64
/usr/bin/arch -k       = unknown
/usr/convex/getsysinfo = unknown
/usr/bin/hostinfo      = unknown
/bin/machine           = unknown
/usr/bin/oslevel       = unknown
/bin/universe          = unknown

PATH: /usr/local/sbin
PATH: /usr/local/bin
PATH: /usr/sbin
PATH: /usr/bin
PATH: /sbin
PATH: /bin
PATH: /usr/games
PATH: /usr/local/games
PATH: /snap/bin


## ----------- ##
## Core tests. ##
## ----------- ##

configure:2205: checking for a BSD-compatible install
configure:2273: result: /usr/bin/install -c
configure:2284: checking whether build environment is sane
configure:2327: result: yes
configure:2352: checking for a thread-safe mkdir -p
configure:2391: result: /usr/bin/mkdir -p
configure:2404: checking for gawk
configure:2420: found /usr/bin/gawk
configure:2431: result: gawk
configure:2442: checking whether make sets $(MAKE)
configure:2464: result: yes
configure:2704: checking for sw_vers
configure:2734: result: no
configure:2851: checking for gfortran
configure:2867: found /usr/bin/gfortran
configure:2878: result: gfortran
configure:2904: checking for Fortran compiler version
configure:2912: gfortran --version >&5
GNU Fortran (Ubuntu 11.3.0-1ubuntu1~22.04.1) 11.3.0
Copyright (C) 2021 Free Software Foundation, Inc.
This is free software; see the source for copying conditions.  There is NO
warranty; not even for MERCHANTABILITY or FITNESS FOR A PARTICULAR PURPOSE.

configure:2916: $? = 0
configure:2923: gfortran -v >&5
Using built-in specs.
COLLECT_GCC=gfortran
COLLECT_LTO_WRAPPER=/usr/lib/gcc/x86_64-linux-gnu/11/lto-wrapper
OFFLOAD_TARGET_NAMES=nvptx-none:amdgcn-amdhsa
OFFLOAD_TARGET_DEFAULT=1
Target: x86_64-linux-gnu
Configured with: ../src/configure -v --with-pkgversion='Ubuntu 11.3.0-1ubuntu1~22.04.1' --with-bugurl=file:///usr/share/doc/gcc-11/README.Bugs --enable-languages=c,ada,c++,go,brig,d,fortran,objc,obj-c++,m2 --prefix=/usr --with-gcc-major-version-only --program-suffix=-11 --program-prefix=x86_64-linux-gnu- --enable-shared --enable-linker-build-id --libexecdir=/usr/lib --without-included-gettext --enable-threads=posix --libdir=/usr/lib --enable-nls --enable-bootstrap --enable-clocale=gnu --enable-libstdcxx-debug --enable-libstdcxx-time=yes --with-default-libstdcxx-abi=new --enable-gnu-unique-object --disable-vtable-verify --enable-plugin --enable-default-pie --with-system-zlib --enable-libphobos-checking=release --with-target-system-zlib=auto --enable-objc-gc=auto --enable-multiarch --disable-werror --enable-cet --with-arch-32=i686 --with-abi=m64 --with-multilib-list=m32,m64,mx32 --enable-multilib --with-tune=generic --enable-offload-targets=nvptx-none=/build/gcc-11-aYxV0E/gcc-11-11.3.0/debian/tmp-nvptx/usr,amdgcn-amdhsa=/build/gcc-11-aYxV0E/gcc-11-11.3.0/debian/tmp-gcn/usr --without-cuda-driver --enable-checking=release --build=x86_64-linux-gnu --host=x86_64-linux-gnu --target=x86_64-linux-gnu --with-build-config=bootstrap-lto-lean --enable-link-serialization=2
Thread model: posix
Supported LTO compression algorithms: zlib zstd
gcc version 11.3.0 (Ubuntu 11.3.0-1ubuntu1~22.04.1) 
configure:2927: $? = 0
configure:2934: gfortran -V >&5
gfortran: error: unrecognized command-line option '-V'
gfortran: fatal error: no input files
compilation terminated.
configure:2938: $? = 1
configure:2952: checking for Fortran compiler default output file name
configure:2974: gfortran -std=legacy   conftest.f  >&5
configure:2978: $? = 0
configure:3016: result: a.out
configure:3035: checking whether the Fortran compiler works
configure:3045: ./a.out
configure:3049: $? = 0
configure:3068: result: yes
configure:3075: checking whether we are cross compiling
configure:3077: result: no
configure:3080: checking for suffix of executables
configure:3087: gfortran -o conftest -std=legacy   conftest.f  >&5
configure:3091: $? = 0
configure:3117: result: 
configure:3123: checking for suffix of object files
configure:3139: gfortran -c -std=legacy  conftest.f >&5
configure:3143: $? = 0
configure:3168: result: o
configure:3176: checking whether we are using the GNU Fortran compiler
configure:3195: gfortran -c -std=legacy  conftest.F >&5
configure:3202: $? = 0
configure:3219: result: yes
configure:3225: checking whether gfortran accepts -g
configure:3242: gfortran -c -g  conftest.f >&5
configure:3249: $? = 0
configure:3265: result: yes
configure:3295: checking how to get verbose linking output from gfortran
configure:3311: gfortran -c -std=legacy  conftest.f >&5
configure:3318: $? = 0
configure:3340: gfortran -o conftest -std=legacy -v conftest.f
Using built-in specs.
Target: x86_64-linux-gnu
Configured with: ../src/configure -v --with-pkgversion='Ubuntu 11.3.0-1ubuntu1~22.04.1' --with-bugurl=file:///usr/share/doc/gcc-11/README.Bugs --enable-languages=c,ada,c++,go,brig,d,fortran,objc,obj-c++,m2 --prefix=/usr --with-gcc-major-version-only --program-suffix=-11 --program-prefix=x86_64-linux-gnu- --enable-shared --enable-linker-build-id --libexecdir=/usr/lib --without-included-gettext --enable-threads=posix --libdir=/usr/lib --enable-nls --enable-bootstrap --enable-clocale=gnu --enable-libstdcxx-debug --enable-libstdcxx-time=yes --with-default-libstdcxx-abi=new --enable-gnu-unique-object --disable-vtable-verify --enable-plugin --enable-default-pie --with-system-zlib --enable-libphobos-checking=release --with-target-system-zlib=auto --enable-objc-gc=auto --enable-multiarch --disable-werror --enable-cet --with-arch-32=i686 --with-abi=m64 --with-multilib-list=m32,m64,mx32 --enable-multilib --with-tune=generic --enable-offload-targets=nvptx-none=/build/gcc-11-aYxV0E/gcc-11-11.3.0/debian/tmp-nvptx/usr,amdgcn-amdhsa=/build/gcc-11-aYxV0E/gcc-11-11.3.0/debian/tmp-gcn/usr --without-cuda-driver --enable-checking=release --build=x86_64-linux-gnu --host=x86_64-linux-gnu --target=x86_64-linux-gnu --with-build-config=bootstrap-lto-lean --enable-link-serialization=2
Thread model: posix
Supported LTO compression algorithms: zlib zstd
gcc version 11.3.0 (Ubuntu 11.3.0-1ubuntu1~22.04.1) 
 /usr/lib/gcc/x86_64-linux-gnu/11/f951 conftest.f -ffixed-form -quiet -dumpbase conftest.f -dumpbase-ext .f -mtune=generic -march=x86-64 -std=legacy -version -fintrinsic-modules-path /usr/lib/gcc/x86_64-linux-gnu/11/finclude -fpre-include=/usr/include/finclude/math-vector-fortran.h -o /tmp/cczq0s9Z.s
GNU Fortran (Ubuntu 11.3.0-1ubuntu1~22.04.1) version 11.3.0 (x86_64-linux-gnu)
	compiled by GNU C version 11.3.0, GMP version 6.2.1, MPFR version 4.1.0, MPC version 1.2.1, isl version isl-0.24-GMP

GGC heuristics: --param ggc-min-expand=100 --param ggc-min-heapsize=131072
GNU Fortran2008 (Ubuntu 11.3.0-1ubuntu1~22.04.1) version 11.3.0 (x86_64-linux-gnu)
	compiled by GNU C version 11.3.0, GMP version 6.2.1, MPFR version 4.1.0, MPC version 1.2.1, isl version isl-0.24-GMP

GGC heuristics: --param ggc-min-expand=100 --param ggc-min-heapsize=131072
 as -v --64 -o /tmp/ccwxBo44.o /tmp/cczq0s9Z.s
GNU assembler version 2.38 (x86_64-linux-gnu) using BFD version (GNU Binutils for Ubuntu) 2.38
Reading specs from /usr/lib/gcc/x86_64-linux-gnu/11/libgfortran.spec
rename spec lib to liborig
 /usr/lib/gcc/x86_64-linux-gnu/11/collect2 -plugin /usr/lib/gcc/x86_64-linux-gnu/11/liblto_plugin.so -plugin-opt=/usr/lib/gcc/x86_64-linux-gnu/11/lto-wrapper -plugin-opt=-fresolution=/tmp/ccanHdyf.res -plugin-opt=-pass-through=-lgcc_s -plugin-opt=-pass-through=-lgcc -plugin-opt=-pass-through=-lquadmath -plugin-opt=-pass-through=-lm -plugin-opt=-pass-through=-lgcc_s -plugin-opt=-pass-through=-lgcc -plugin-opt=-pass-through=-lc -plugin-opt=-pass-through=-lgcc_s -plugin-opt=-pass-through=-lgcc --build-id --eh-frame-hdr -m elf_x86_64 --hash-style=gnu --as-needed -dynamic-linker /lib64/ld-linux-x86-64.so.2 -pie -z now -z relro -o conftest /usr/lib/gcc/x86_64-linux-gnu/11/../../../x86_64-linux-gnu/Scrt1.o /usr/lib/gcc/x86_64-linux-gnu/11/../../../x86_64-linux-gnu/crti.o /usr/lib/gcc/x86_64-linux-gnu/11/crtbeginS.o -L/usr/lib/gcc/x86_64-linux-gnu/11 -L/usr/lib/gcc/x86_64-linux-gnu/11/../../../x86_64-linux-gnu -L/usr/lib/gcc/x86_64-linux-gnu/11/../../../../lib -L/lib/x86_64-linux-gnu -L/lib/../lib -L/usr/lib/x86_64-linux-gnu -L/usr/lib/../lib -L/usr/lib/gcc/x86_64-linux-gnu/11/../../.. /tmp/ccwxBo44.o -lgfortran -lm -lgcc_s -lgcc -lquadmath -lm -lgcc_s -lgcc -lc -lgcc_s -lgcc /usr/lib/gcc/x86_64-linux-gnu/11/crtendS.o /usr/lib/gcc/x86_64-linux-gnu/11/../../../x86_64-linux-gnu/crtn.o
configure:3409: result: -v
configure:3411: checking for Fortran libraries of gfortran
configure:3434: gfortran -o conftest -std=legacy -v conftest.f
Using built-in specs.
Target: x86_64-linux-gnu
Configured with: ../src/configure -v --with-pkgversion='Ubuntu 11.3.0-1ubuntu1~22.04.1' --with-bugurl=file:///usr/share/doc/gcc-11/README.Bugs --enable-languages=c,ada,c++,go,brig,d,fortran,objc,obj-c++,m2 --prefix=/usr --with-gcc-major-version-only --program-suffix=-11 --program-prefix=x86_64-linux-gnu- --enable-shared --enable-linker-build-id --libexecdir=/usr/lib --without-included-gettext --enable-threads=posix --libdir=/usr/lib --enable-nls --enable-bootstrap --enable-clocale=gnu --enable-libstdcxx-debug --enable-libstdcxx-time=yes --with-default-libstdcxx-abi=new --enable-gnu-unique-object --disable-vtable-verify --enable-plugin --enable-default-pie --with-system-zlib --enable-libphobos-checking=release --with-target-system-zlib=auto --enable-objc-gc=auto --enable-multiarch --disable-werror --enable-cet --with-arch-32=i686 --with-abi=m64 --with-multilib-list=m32,m64,mx32 --enable-multilib --with-tune=generic --enable-offload-targets=nvptx-none=/build/gcc-11-aYxV0E/gcc-11-11.3.0/debian/tmp-nvptx/usr,amdgcn-amdhsa=/build/gcc-11-aYxV0E/gcc-11-11.3.0/debian/tmp-gcn/usr --without-cuda-driver --enable-checking=release --build=x86_64-linux-gnu --host=x86_64-linux-gnu --target=x86_64-linux-gnu --with-build-config=bootstrap-lto-lean --enable-link-serialization=2
Thread model: posix
Supported LTO compression algorithms: zlib zstd
gcc version 11.3.0 (Ubuntu 11.3.0-1ubuntu1~22.04.1) 
 /usr/lib/gcc/x86_64-linux-gnu/11/f951 conftest.f -ffixed-form -quiet -dumpbase conftest.f -dumpbase-ext .f -mtune=generic -march=x86-64 -std=legacy -version -fintrinsic-modules-path /usr/lib/gcc/x86_64-linux-gnu/11/finclude -fpre-include=/usr/include/finclude/math-vector-fortran.h -o /tmp/cck1fIvY.s
GNU Fortran (Ubuntu 11.3.0-1ubuntu1~22.04.1) version 11.3.0 (x86_64-linux-gnu)
	compiled by GNU C version 11.3.0, GMP version 6.2.1, MPFR version 4.1.0, MPC version 1.2.1, isl version isl-0.24-GMP

GGC heuristics: --param ggc-min-expand=100 --param ggc-min-heapsize=131072
GNU Fortran2008 (Ubuntu 11.3.0-1ubuntu1~22.04.1) version 11.3.0 (x86_64-linux-gnu)
	compiled by GNU C version 11.3.0, GMP version 6.2.1, MPFR version 4.1.0, MPC version 1.2.1, isl version isl-0.24-GMP

GGC heuristics: --param ggc-min-expand=100 --param ggc-min-heapsize=131072
 as -v --64 -o /tmp/ccfDrest.o /tmp/cck1fIvY.s
GNU assembler version 2.38 (x86_64-linux-gnu) using BFD version (GNU Binutils for Ubuntu) 2.38
Reading specs from /usr/lib/gcc/x86_64-linux-gnu/11/libgfortran.spec
rename spec lib to liborig
 /usr/lib/gcc/x86_64-linux-gnu/11/collect2 -plugin /usr/lib/gcc/x86_64-linux-gnu/11/liblto_plugin.so -plugin-opt=/usr/lib/gcc/x86_64-linux-gnu/11/lto-wrapper -plugin-opt=-fresolution=/tmp/ccwocVQ7.res -plugin-opt=-pass-through=-lgcc_s -plugin-opt=-pass-through=-lgcc -plugin-opt=-pass-through=-lquadmath -plugin-opt=-pass-through=-lm -plugin-opt=-pass-through=-lgcc_s -plugin-opt=-pass-through=-lgcc -plugin-opt=-pass-through=-lc -plugin-opt=-pass-through=-lgcc_s -plugin-opt=-pass-through=-lgcc --build-id --eh-frame-hdr -m elf_x86_64 --hash-style=gnu --as-needed -dynamic-linker /lib64/ld-linux-x86-64.so.2 -pie -z now -z relro -o conftest /usr/lib/gcc/x86_64-linux-gnu/11/../../../x86_64-linux-gnu/Scrt1.o /usr/lib/gcc/x86_64-linux-gnu/11/../../../x86_64-linux-gnu/crti.o /usr/lib/gcc/x86_64-linux-gnu/11/crtbeginS.o -L/usr/lib/gcc/x86_64-linux-gnu/11 -L/usr/lib/gcc/x86_64-linux-gnu/11/../../../x86_64-linux-gnu -L/usr/lib/gcc/x86_64-linux-gnu/11/../../../../lib -L/lib/x86_64-linux-gnu -L/lib/../lib -L/usr/lib/x86_64-linux-gnu -L/usr/lib/../lib -L/usr/lib/gcc/x86_64-linux-gnu/11/../../.. /tmp/ccfDrest.o -lgfortran -lm -lgcc_s -lgcc -lquadmath -lm -lgcc_s -lgcc -lc -lgcc_s -lgcc /usr/lib/gcc/x86_64-linux-gnu/11/crtendS.o /usr/lib/gcc/x86_64-linux-gnu/11/../../../x86_64-linux-gnu/crtn.o
configure:3611: result:  -L/usr/lib/gcc/x86_64-linux-gnu/11 -L/usr/lib/gcc/x86_64-linux-gnu/11/../../../x86_64-linux-gnu -L/usr/lib/gcc/x86_64-linux-gnu/11/../../../../lib -L/lib/x86_64-linux-gnu -L/lib/../lib -L/usr/lib/x86_64-linux-gnu -L/usr/lib/../lib -L/usr/lib/gcc/x86_64-linux-gnu/11/../../.. -lgfortran -lm -lquadmath
configure:3634: checking for style of include used by make
configure:3662: result: GNU
configure:3732: checking for gcc
configure:3748: found /usr/bin/gcc
configure:3759: result: gcc
configure:3991: checking for C compiler version
configure:3999: gcc --version >&5
gcc (Ubuntu 11.3.0-1ubuntu1~22.04.1) 11.3.0
Copyright (C) 2021 Free Software Foundation, Inc.
This is free software; see the source for copying conditions.  There is NO
warranty; not even for MERCHANTABILITY or FITNESS FOR A PARTICULAR PURPOSE.

configure:4003: $? = 0
configure:4010: gcc -v >&5
Using built-in specs.
COLLECT_GCC=gcc
COLLECT_LTO_WRAPPER=/usr/lib/gcc/x86_64-linux-gnu/11/lto-wrapper
OFFLOAD_TARGET_NAMES=nvptx-none:amdgcn-amdhsa
OFFLOAD_TARGET_DEFAULT=1
Target: x86_64-linux-gnu
Configured with: ../src/configure -v --with-pkgversion='Ubuntu 11.3.0-1ubuntu1~22.04.1' --with-bugurl=file:///usr/share/doc/gcc-11/README.Bugs --enable-languages=c,ada,c++,go,brig,d,fortran,objc,obj-c++,m2 --prefix=/usr --with-gcc-major-version-only --program-suffix=-11 --program-prefix=x86_64-linux-gnu- --enable-shared --enable-linker-build-id --libexecdir=/usr/lib --without-included-gettext --enable-threads=posix --libdir=/usr/lib --enable-nls --enable-bootstrap --enable-clocale=gnu --enable-libstdcxx-debug --enable-libstdcxx-time=yes --with-default-libstdcxx-abi=new --enable-gnu-unique-object --disable-vtable-verify --enable-plugin --enable-default-pie --with-system-zlib --enable-libphobos-checking=release --with-target-system-zlib=auto --enable-objc-gc=auto --enable-multiarch --disable-werror --enable-cet --with-arch-32=i686 --with-abi=m64 --with-multilib-list=m32,m64,mx32 --enable-multilib --with-tune=generic --enable-offload-targets=nvptx-none=/build/gcc-11-aYxV0E/gcc-11-11.3.0/debian/tmp-nvptx/usr,amdgcn-amdhsa=/build/gcc-11-aYxV0E/gcc-11-11.3.0/debian/tmp-gcn/usr --without-cuda-driver --enable-checking=release --build=x86_64-linux-gnu --host=x86_64-linux-gnu --target=x86_64-linux-gnu --with-build-config=bootstrap-lto-lean --enable-link-serialization=2
Thread model: posix
Supported LTO compression algorithms: zlib zstd
gcc version 11.3.0 (Ubuntu 11.3.0-1ubuntu1~22.04.1) 
configure:4014: $? = 0
configure:4021: gcc -V >&5
gcc: error: unrecognized command-line option '-V'
gcc: fatal error: no input files
compilation terminated.
configure:4025: $? = 1
configure:4028: checking whether we are using the GNU C compiler
configure:4065: gcc -c   conftest.c >&5
configure:4072: $? = 0
configure:4089: result: yes
configure:4098: checking whether gcc accepts -g
configure:4136: gcc -c -g  conftest.c >&5
configure:4143: $? = 0
configure:4260: result: yes
configure:4277: checking for gcc option to accept ISO C89
configure:4359: gcc  -c -g -O2  conftest.c >&5
configure:4366: $? = 0
configure:4389: result: none needed
configure:4409: checking dependency style of gcc
configure:4500: result: gcc3
configure:4521: checking for dummy main to link with Fortran libraries
configure:4565: gcc -o conftest -g -O2   conftest.c   -L/usr/lib/gcc/x86_64-linux-gnu/11 -L/usr/lib/gcc/x86_64-linux-gnu/11/../../../x86_64-linux-gnu -L/usr/lib/gcc/x86_64-linux-gnu/11/../../../../lib -L/lib/x86_64-linux-gnu -L/lib/../lib -L/usr/lib/x86_64-linux-gnu -L/usr/lib/../lib -L/usr/lib/gcc/x86_64-linux-gnu/11/../../.. -lgfortran -lm -lquadmath >&5
configure:4572: $? = 0
configure:4660: result: none
configure:4699: checking for Fortran name-mangling scheme
configure:4718: gfortran -c -std=legacy  conftest.f >&5
configure:4725: $? = 0
configure:4780: gcc -o conftest -g -O2   conftest.c cfortran_test.o   -L/usr/lib/gcc/x86_64-linux-gnu/11 -L/usr/lib/gcc/x86_64-linux-gnu/11/../../../x86_64-linux-gnu -L/usr/lib/gcc/x86_64-linux-gnu/11/../../../../lib -L/lib/x86_64-linux-gnu -L/lib/../lib -L/usr/lib/x86_64-linux-gnu -L/usr/lib/../lib -L/usr/lib/gcc/x86_64-linux-gnu/11/../../.. -lgfortran -lm -lquadmath >&5
/usr/bin/ld: /tmp/cc6rNZRy.o: in function `main':
/home/rigel/essnusb/github_Repo/EssnusbV2/third_party/genie/dependencies/lhapdf-5.9.1/conftest.c:30: undefined reference to `foobar'
collect2: error: ld returned 1 exit status
configure:4787: $? = 1
configure: failed program was:
| /* confdefs.h.  */
| #define PACKAGE_NAME "LHAPDF"
| #define PACKAGE_TARNAME "lhapdf"
| #define PACKAGE_VERSION "5.9.1"
| #define PACKAGE_STRING "LHAPDF 5.9.1"
| #define PACKAGE_BUGREPORT "lhapdf@projects.hepforge.org"
| #define PACKAGE "lhapdf"
| #define VERSION "5.9.1"
| #define LHAPDF_VERSION "5.9.1"
| /* end confdefs.h.  */
| 
| /* Override any GCC internal prototype to avoid an error.
|    Use char because int might match the return type of a GCC
|    builtin and then its argument prototype would still apply.  */
| #ifdef __cplusplus
| extern "C"
| #endif
| char foobar ();
| #ifdef FC_DUMMY_MAIN
| #ifndef FC_DUMMY_MAIN_EQ_F77
| #  ifdef __cplusplus
|      extern "C"
| #  endif
|    int FC_DUMMY_MAIN() { return 1; }
| #endif
| #endif
| int
| main ()
| {
| return foobar ();
|   ;
|   return 0;
| }
configure:4780: gcc -o conftest -g -O2   conftest.c cfortran_test.o   -L/usr/lib/gcc/x86_64-linux-gnu/11 -L/usr/lib/gcc/x86_64-linux-gnu/11/../../../x86_64-linux-gnu -L/usr/lib/gcc/x86_64-linux-gnu/11/../../../../lib -L/lib/x86_64-linux-gnu -L/lib/../lib -L/usr/lib/x86_64-linux-gnu -L/usr/lib/../lib -L/usr/lib/gcc/x86_64-linux-gnu/11/../../.. -lgfortran -lm -lquadmath >&5
configure:4787: $? = 0
configure:4869: gcc -o conftest -g -O2   conftest.c cfortran_test.o   -L/usr/lib/gcc/x86_64-linux-gnu/11 -L/usr/lib/gcc/x86_64-linux-gnu/11/../../../x86_64-linux-gnu -L/usr/lib/gcc/x86_64-linux-gnu/11/../../../../lib -L/lib/x86_64-linux-gnu -L/lib/../lib -L/usr/lib/x86_64-linux-gnu -L/usr/lib/../lib -L/usr/lib/gcc/x86_64-linux-gnu/11/../../.. -lgfortran -lm -lquadmath >&5
configure:4876: $? = 0
configure:4939: result: lower case, underscore, no extra underscore
configure:5043: checking for Fortran flag needed to allow free-form source
configure:5068: gfortran -c -std=legacy  conftest.f >&5
conftest.f:2:4:

    2 |   program freeform
      |    1
Error: Non-numeric character in statement label at (1)
conftest.f:4:27:

    4 |        print *, 'Hello ', &
      |                           1
Error: Expected expression in PRINT statement at (1)
conftest.f:5:13:

    5 |            'world.'
      |             1
Error: Invalid character in name at (1)
configure:5075: $? = 1
configure: failed program was:
| 
|   program freeform
|        ! FIXME: how to best confuse non-freeform compilers?
|        print *, 'Hello ', &
|            'world.'
|        end
configure:5068: gfortran -c -std=legacy -ffree-form  conftest.f >&5
configure:5075: $? = 0
configure:5094: result: -ffree-form
configure:5174: checking for g++
configure:5190: found /usr/bin/g++
configure:5201: result: g++
configure:5228: checking for C++ compiler version
configure:5236: g++ --version >&5
g++ (Ubuntu 11.3.0-1ubuntu1~22.04.1) 11.3.0
Copyright (C) 2021 Free Software Foundation, Inc.
This is free software; see the source for copying conditions.  There is NO
warranty; not even for MERCHANTABILITY or FITNESS FOR A PARTICULAR PURPOSE.

configure:5240: $? = 0
configure:5247: g++ -v >&5
Using built-in specs.
COLLECT_GCC=g++
COLLECT_LTO_WRAPPER=/usr/lib/gcc/x86_64-linux-gnu/11/lto-wrapper
OFFLOAD_TARGET_NAMES=nvptx-none:amdgcn-amdhsa
OFFLOAD_TARGET_DEFAULT=1
Target: x86_64-linux-gnu
Configured with: ../src/configure -v --with-pkgversion='Ubuntu 11.3.0-1ubuntu1~22.04.1' --with-bugurl=file:///usr/share/doc/gcc-11/README.Bugs --enable-languages=c,ada,c++,go,brig,d,fortran,objc,obj-c++,m2 --prefix=/usr --with-gcc-major-version-only --program-suffix=-11 --program-prefix=x86_64-linux-gnu- --enable-shared --enable-linker-build-id --libexecdir=/usr/lib --without-included-gettext --enable-threads=posix --libdir=/usr/lib --enable-nls --enable-bootstrap --enable-clocale=gnu --enable-libstdcxx-debug --enable-libstdcxx-time=yes --with-default-libstdcxx-abi=new --enable-gnu-unique-object --disable-vtable-verify --enable-plugin --enable-default-pie --with-system-zlib --enable-libphobos-checking=release --with-target-system-zlib=auto --enable-objc-gc=auto --enable-multiarch --disable-werror --enable-cet --with-arch-32=i686 --with-abi=m64 --with-multilib-list=m32,m64,mx32 --enable-multilib --with-tune=generic --enable-offload-targets=nvptx-none=/build/gcc-11-aYxV0E/gcc-11-11.3.0/debian/tmp-nvptx/usr,amdgcn-amdhsa=/build/gcc-11-aYxV0E/gcc-11-11.3.0/debian/tmp-gcn/usr --without-cuda-driver --enable-checking=release --build=x86_64-linux-gnu --host=x86_64-linux-gnu --target=x86_64-linux-gnu --with-build-config=bootstrap-lto-lean --enable-link-serialization=2
Thread model: posix
Supported LTO compression algorithms: zlib zstd
gcc version 11.3.0 (Ubuntu 11.3.0-1ubuntu1~22.04.1) 
configure:5251: $? = 0
configure:5258: g++ -V >&5
g++: error: unrecognized command-line option '-V'
g++: fatal error: no input files
compilation terminated.
configure:5262: $? = 1
configure:5265: checking whether we are using the GNU C++ compiler
configure:5302: g++ -c   conftest.cpp >&5
configure:5309: $? = 0
configure:5326: result: yes
configure:5335: checking whether g++ accepts -g
configure:5373: g++ -c -g  conftest.cpp >&5
configure:5380: $? = 0
configure:5497: result: yes
configure:5522: checking dependency style of g++
configure:5613: result: gcc3
configure:5676: checking for gcc
configure:5703: result: gcc
configure:5935: checking for C compiler version
configure:5943: gcc --version >&5
gcc (Ubuntu 11.3.0-1ubuntu1~22.04.1) 11.3.0
Copyright (C) 2021 Free Software Foundation, Inc.
This is free software; see the source for copying conditions.  There is NO
warranty; not even for MERCHANTABILITY or FITNESS FOR A PARTICULAR PURPOSE.

configure:5947: $? = 0
configure:5954: gcc -v >&5
Using built-in specs.
COLLECT_GCC=gcc
COLLECT_LTO_WRAPPER=/usr/lib/gcc/x86_64-linux-gnu/11/lto-wrapper
OFFLOAD_TARGET_NAMES=nvptx-none:amdgcn-amdhsa
OFFLOAD_TARGET_DEFAULT=1
Target: x86_64-linux-gnu
Configured with: ../src/configure -v --with-pkgversion='Ubuntu 11.3.0-1ubuntu1~22.04.1' --with-bugurl=file:///usr/share/doc/gcc-11/README.Bugs --enable-languages=c,ada,c++,go,brig,d,fortran,objc,obj-c++,m2 --prefix=/usr --with-gcc-major-version-only --program-suffix=-11 --program-prefix=x86_64-linux-gnu- --enable-shared --enable-linker-build-id --libexecdir=/usr/lib --without-included-gettext --enable-threads=posix --libdir=/usr/lib --enable-nls --enable-bootstrap --enable-clocale=gnu --enable-libstdcxx-debug --enable-libstdcxx-time=yes --with-default-libstdcxx-abi=new --enable-gnu-unique-object --disable-vtable-verify --enable-plugin --enable-default-pie --with-system-zlib --enable-libphobos-checking=release --with-target-system-zlib=auto --enable-objc-gc=auto --enable-multiarch --disable-werror --enable-cet --with-arch-32=i686 --with-abi=m64 --with-multilib-list=m32,m64,mx32 --enable-multilib --with-tune=generic --enable-offload-targets=nvptx-none=/build/gcc-11-aYxV0E/gcc-11-11.3.0/debian/tmp-nvptx/usr,amdgcn-amdhsa=/build/gcc-11-aYxV0E/gcc-11-11.3.0/debian/tmp-gcn/usr --without-cuda-driver --enable-checking=release --build=x86_64-linux-gnu --host=x86_64-linux-gnu --target=x86_64-linux-gnu --with-build-config=bootstrap-lto-lean --enable-link-serialization=2
Thread model: posix
Supported LTO compression algorithms: zlib zstd
gcc version 11.3.0 (Ubuntu 11.3.0-1ubuntu1~22.04.1) 
configure:5958: $? = 0
configure:5965: gcc -V >&5
gcc: error: unrecognized command-line option '-V'
gcc: fatal error: no input files
compilation terminated.
configure:5969: $? = 1
configure:5972: checking whether we are using the GNU C compiler
configure:6033: result: yes
configure:6042: checking whether gcc accepts -g
configure:6204: result: yes
configure:6221: checking for gcc option to accept ISO C89
configure:6333: result: none needed
configure:6353: checking dependency style of gcc
configure:6444: result: gcc3
configure:6473: checking for a BSD-compatible install
configure:6541: result: /usr/bin/install -c
configure:6552: checking whether ln -s works
configure:6556: result: yes
configure:6587: checking for /proc/self/maps
configure:6602: result: yes
configure:6605: checking whether everything is installed to the same prefix
configure:6621: result: no
configure:6624: checking whether binary relocation support should be enabled
configure:6642: result: no
configure:6822: checking build system type
configure:6840: result: x86_64-unknown-linux-gnu
configure:6862: checking host system type
configure:6877: result: x86_64-unknown-linux-gnu
configure:6899: checking for a sed that does not truncate output
configure:6965: result: /usr/bin/sed
configure:6983: checking for grep that handles long lines and -e
configure:7043: result: /usr/bin/grep
configure:7048: checking for egrep
configure:7112: result: /usr/bin/grep -E
configure:7117: checking for fgrep
configure:7181: result: /usr/bin/grep -F
configure:7216: checking for ld used by gcc
configure:7283: result: /usr/bin/ld
configure:7292: checking if the linker (/usr/bin/ld) is GNU ld
configure:7307: result: yes
configure:7319: checking for BSD- or MS-compatible name lister (nm)
configure:7368: result: /usr/bin/nm -B
configure:7486: checking the name lister (/usr/bin/nm -B) interface
configure:7493: g++ -c   conftest.cpp >&5
configure:7496: /usr/bin/nm -B "conftest.o"
configure:7499: output
0000000000000000 B some_variable
configure:7506: result: BSD nm
configure:7510: checking the maximum length of command line arguments
configure:7630: result: 1572864
configure:7647: checking whether the shell understands some XSI constructs
configure:7657: result: yes
configure:7661: checking whether the shell understands "+="
configure:7667: result: yes
configure:7702: checking for /usr/bin/ld option to reload object files
configure:7709: result: -r
configure:7778: checking for objdump
configure:7794: found /usr/bin/objdump
configure:7805: result: objdump
configure:7837: checking how to recognize dependent libraries
configure:8033: result: pass_all
configure:8093: checking for ar
configure:8109: found /usr/bin/ar
configure:8120: result: ar
configure:8198: checking for strip
configure:8214: found /usr/bin/strip
configure:8225: result: strip
configure:8297: checking for ranlib
configure:8313: found /usr/bin/ranlib
configure:8324: result: ranlib
configure:8414: checking command to parse /usr/bin/nm -B output from gcc object
configure:8532: g++ -c   conftest.cpp >&5
configure:8535: $? = 0
configure:8539: /usr/bin/nm -B conftest.o \| sed -n -e 's/^.*[	 ]\([ABCDGIRSTW][ABCDGIRSTW]*\)[	 ][	 ]*\([_A-Za-z][_A-Za-z0-9]*\)$/\1 \2 \2/p' \> conftest.nm
configure:8542: $? = 0
configure:8596: g++ -o conftest    conftest.cpp conftstm.o >&5
configure:8599: $? = 0
configure:8637: result: ok
configure:8732: g++ -c   conftest.cpp >&5
configure:8735: $? = 0
configure:9519: checking how to run the C preprocessor
configure:9559: gcc -E  conftest.c
configure:9566: $? = 0
configure:9597: gcc -E  conftest.c
conftest.c:13:10: fatal error: ac_nonexistent.h: No such file or directory
   13 | #include <ac_nonexistent.h>
      |          ^~~~~~~~~~~~~~~~~~
compilation terminated.
configure:9604: $? = 1
configure: failed program was:
| /* confdefs.h.  */
| #define PACKAGE_NAME "LHAPDF"
| #define PACKAGE_TARNAME "lhapdf"
| #define PACKAGE_VERSION "5.9.1"
| #define PACKAGE_STRING "LHAPDF 5.9.1"
| #define PACKAGE_BUGREPORT "lhapdf@projects.hepforge.org"
| #define PACKAGE "lhapdf"
| #define VERSION "5.9.1"
| #define LHAPDF_VERSION "5.9.1"
| #define FC_FUNC(name,NAME) name ## _
| #define FC_FUNC_(name,NAME) name ## _
| /* end confdefs.h.  */
| #include <ac_nonexistent.h>
configure:9637: result: gcc -E
configure:9666: gcc -E  conftest.c
configure:9673: $? = 0
configure:9704: gcc -E  conftest.c
conftest.c:13:10: fatal error: ac_nonexistent.h: No such file or directory
   13 | #include <ac_nonexistent.h>
      |          ^~~~~~~~~~~~~~~~~~
compilation terminated.
configure:9711: $? = 1
configure: failed program was:
| /* confdefs.h.  */
| #define PACKAGE_NAME "LHAPDF"
| #define PACKAGE_TARNAME "lhapdf"
| #define PACKAGE_VERSION "5.9.1"
| #define PACKAGE_STRING "LHAPDF 5.9.1"
| #define PACKAGE_BUGREPORT "lhapdf@projects.hepforge.org"
| #define PACKAGE "lhapdf"
| #define VERSION "5.9.1"
| #define LHAPDF_VERSION "5.9.1"
| #define FC_FUNC(name,NAME) name ## _
| #define FC_FUNC_(name,NAME) name ## _
| /* end confdefs.h.  */
| #include <ac_nonexistent.h>
configure:9751: checking for ANSI C header files
configure:9789: gcc -c -g -O2  conftest.c >&5
configure:9796: $? = 0
configure:9895: gcc -o conftest -g -O2   conftest.c  >&5
configure:9899: $? = 0
configure:9905: ./conftest
configure:9909: $? = 0
configure:9927: result: yes
configure:9951: checking for sys/types.h
configure:9972: gcc -c -g -O2  conftest.c >&5
configure:9979: $? = 0
configure:9996: result: yes
configure:9951: checking for sys/stat.h
configure:9972: gcc -c -g -O2  conftest.c >&5
configure:9979: $? = 0
configure:9996: result: yes
configure:9951: checking for stdlib.h
configure:9972: gcc -c -g -O2  conftest.c >&5
configure:9979: $? = 0
configure:9996: result: yes
configure:9951: checking for string.h
configure:9972: gcc -c -g -O2  conftest.c >&5
configure:9979: $? = 0
configure:9996: result: yes
configure:9951: checking for memory.h
configure:9972: gcc -c -g -O2  conftest.c >&5
configure:9979: $? = 0
configure:9996: result: yes
configure:9951: checking for strings.h
configure:9972: gcc -c -g -O2  conftest.c >&5
configure:9979: $? = 0
configure:9996: result: yes
configure:9951: checking for inttypes.h
configure:9972: gcc -c -g -O2  conftest.c >&5
configure:9979: $? = 0
configure:9996: result: yes
configure:9951: checking for stdint.h
configure:9972: gcc -c -g -O2  conftest.c >&5
configure:9979: $? = 0
configure:9996: result: yes
configure:9951: checking for unistd.h
configure:9972: gcc -c -g -O2  conftest.c >&5
configure:9979: $? = 0
configure:9996: result: yes
configure:10014: checking for dlfcn.h
configure:10035: gcc -c -g -O2  conftest.c >&5
configure:10042: $? = 0
configure:10059: result: yes
configure:10186: checking for C++ compiler version
configure:10194: g++ --version >&5
g++ (Ubuntu 11.3.0-1ubuntu1~22.04.1) 11.3.0
Copyright (C) 2021 Free Software Foundation, Inc.
This is free software; see the source for copying conditions.  There is NO
warranty; not even for MERCHANTABILITY or FITNESS FOR A PARTICULAR PURPOSE.

configure:10198: $? = 0
configure:10205: g++ -v >&5
Using built-in specs.
COLLECT_GCC=g++
COLLECT_LTO_WRAPPER=/usr/lib/gcc/x86_64-linux-gnu/11/lto-wrapper
OFFLOAD_TARGET_NAMES=nvptx-none:amdgcn-amdhsa
OFFLOAD_TARGET_DEFAULT=1
Target: x86_64-linux-gnu
Configured with: ../src/configure -v --with-pkgversion='Ubuntu 11.3.0-1ubuntu1~22.04.1' --with-bugurl=file:///usr/share/doc/gcc-11/README.Bugs --enable-languages=c,ada,c++,go,brig,d,fortran,objc,obj-c++,m2 --prefix=/usr --with-gcc-major-version-only --program-suffix=-11 --program-prefix=x86_64-linux-gnu- --enable-shared --enable-linker-build-id --libexecdir=/usr/lib --without-included-gettext --enable-threads=posix --libdir=/usr/lib --enable-nls --enable-bootstrap --enable-clocale=gnu --enable-libstdcxx-debug --enable-libstdcxx-time=yes --with-default-libstdcxx-abi=new --enable-gnu-unique-object --disable-vtable-verify --enable-plugin --enable-default-pie --with-system-zlib --enable-libphobos-checking=release --with-target-system-zlib=auto --enable-objc-gc=auto --enable-multiarch --disable-werror --enable-cet --with-arch-32=i686 --with-abi=m64 --with-multilib-list=m32,m64,mx32 --enable-multilib --with-tune=generic --enable-offload-targets=nvptx-none=/build/gcc-11-aYxV0E/gcc-11-11.3.0/debian/tmp-nvptx/usr,amdgcn-amdhsa=/build/gcc-11-aYxV0E/gcc-11-11.3.0/debian/tmp-gcn/usr --without-cuda-driver --enable-checking=release --build=x86_64-linux-gnu --host=x86_64-linux-gnu --target=x86_64-linux-gnu --with-build-config=bootstrap-lto-lean --enable-link-serialization=2
Thread model: posix
Supported LTO compression algorithms: zlib zstd
gcc version 11.3.0 (Ubuntu 11.3.0-1ubuntu1~22.04.1) 
configure:10209: $? = 0
configure:10216: g++ -V >&5
g++: error: unrecognized command-line option '-V'
g++: fatal error: no input files
compilation terminated.
configure:10220: $? = 1
configure:10223: checking whether we are using the GNU C++ compiler
configure:10284: result: yes
configure:10293: checking whether g++ accepts -g
configure:10455: result: yes
configure:10480: checking dependency style of g++
configure:10571: result: gcc3
configure:10594: checking how to run the C++ preprocessor
configure:10630: g++ -E  conftest.cpp
configure:10637: $? = 0
configure:10668: g++ -E  conftest.cpp
conftest.cpp:24:10: fatal error: ac_nonexistent.h: No such file or directory
   24 | #include <ac_nonexistent.h>
      |          ^~~~~~~~~~~~~~~~~~
compilation terminated.
configure:10675: $? = 1
configure: failed program was:
| /* confdefs.h.  */
| #define PACKAGE_NAME "LHAPDF"
| #define PACKAGE_TARNAME "lhapdf"
| #define PACKAGE_VERSION "5.9.1"
| #define PACKAGE_STRING "LHAPDF 5.9.1"
| #define PACKAGE_BUGREPORT "lhapdf@projects.hepforge.org"
| #define PACKAGE "lhapdf"
| #define VERSION "5.9.1"
| #define LHAPDF_VERSION "5.9.1"
| #define FC_FUNC(name,NAME) name ## _
| #define FC_FUNC_(name,NAME) name ## _
| #define STDC_HEADERS 1
| #define HAVE_SYS_TYPES_H 1
| #define HAVE_SYS_STAT_H 1
| #define HAVE_STDLIB_H 1
| #define HAVE_STRING_H 1
| #define HAVE_MEMORY_H 1
| #define HAVE_STRINGS_H 1
| #define HAVE_INTTYPES_H 1
| #define HAVE_STDINT_H 1
| #define HAVE_UNISTD_H 1
| #define HAVE_DLFCN_H 1
| /* end confdefs.h.  */
| #include <ac_nonexistent.h>
configure:10708: result: g++ -E
configure:10737: g++ -E  conftest.cpp
configure:10744: $? = 0
configure:10775: g++ -E  conftest.cpp
conftest.cpp:24:10: fatal error: ac_nonexistent.h: No such file or directory
   24 | #include <ac_nonexistent.h>
      |          ^~~~~~~~~~~~~~~~~~
compilation terminated.
configure:10782: $? = 1
configure: failed program was:
| /* confdefs.h.  */
| #define PACKAGE_NAME "LHAPDF"
| #define PACKAGE_TARNAME "lhapdf"
| #define PACKAGE_VERSION "5.9.1"
| #define PACKAGE_STRING "LHAPDF 5.9.1"
| #define PACKAGE_BUGREPORT "lhapdf@projects.hepforge.org"
| #define PACKAGE "lhapdf"
| #define VERSION "5.9.1"
| #define LHAPDF_VERSION "5.9.1"
| #define FC_FUNC(name,NAME) name ## _
| #define FC_FUNC_(name,NAME) name ## _
| #define STDC_HEADERS 1
| #define HAVE_SYS_TYPES_H 1
| #define HAVE_SYS_STAT_H 1
| #define HAVE_STDLIB_H 1
| #define HAVE_STRING_H 1
| #define HAVE_MEMORY_H 1
| #define HAVE_STRINGS_H 1
| #define HAVE_INTTYPES_H 1
| #define HAVE_STDINT_H 1
| #define HAVE_UNISTD_H 1
| #define HAVE_DLFCN_H 1
| /* end confdefs.h.  */
| #include <ac_nonexistent.h>
configure:10930: checking for Fortran compiler version
configure:10938: gfortran --version >&5
GNU Fortran (Ubuntu 11.3.0-1ubuntu1~22.04.1) 11.3.0
Copyright (C) 2021 Free Software Foundation, Inc.
This is free software; see the source for copying conditions.  There is NO
warranty; not even for MERCHANTABILITY or FITNESS FOR A PARTICULAR PURPOSE.

configure:10942: $? = 0
configure:10949: gfortran -v >&5
Using built-in specs.
COLLECT_GCC=gfortran
COLLECT_LTO_WRAPPER=/usr/lib/gcc/x86_64-linux-gnu/11/lto-wrapper
OFFLOAD_TARGET_NAMES=nvptx-none:amdgcn-amdhsa
OFFLOAD_TARGET_DEFAULT=1
Target: x86_64-linux-gnu
Configured with: ../src/configure -v --with-pkgversion='Ubuntu 11.3.0-1ubuntu1~22.04.1' --with-bugurl=file:///usr/share/doc/gcc-11/README.Bugs --enable-languages=c,ada,c++,go,brig,d,fortran,objc,obj-c++,m2 --prefix=/usr --with-gcc-major-version-only --program-suffix=-11 --program-prefix=x86_64-linux-gnu- --enable-shared --enable-linker-build-id --libexecdir=/usr/lib --without-included-gettext --enable-threads=posix --libdir=/usr/lib --enable-nls --enable-bootstrap --enable-clocale=gnu --enable-libstdcxx-debug --enable-libstdcxx-time=yes --with-default-libstdcxx-abi=new --enable-gnu-unique-object --disable-vtable-verify --enable-plugin --enable-default-pie --with-system-zlib --enable-libphobos-checking=release --with-target-system-zlib=auto --enable-objc-gc=auto --enable-multiarch --disable-werror --enable-cet --with-arch-32=i686 --with-abi=m64 --with-multilib-list=m32,m64,mx32 --enable-multilib --with-tune=generic --enable-offload-targets=nvptx-none=/build/gcc-11-aYxV0E/gcc-11-11.3.0/debian/tmp-nvptx/usr,amdgcn-amdhsa=/build/gcc-11-aYxV0E/gcc-11-11.3.0/debian/tmp-gcn/usr --without-cuda-driver --enable-checking=release --build=x86_64-linux-gnu --host=x86_64-linux-gnu --target=x86_64-linux-gnu --with-build-config=bootstrap-lto-lean --enable-link-serialization=2
Thread model: posix
Supported LTO compression algorithms: zlib zstd
gcc version 11.3.0 (Ubuntu 11.3.0-1ubuntu1~22.04.1) 
configure:10953: $? = 0
configure:10960: gfortran -V >&5
gfortran: error: unrecognized command-line option '-V'
gfortran: fatal error: no input files
compilation terminated.
configure:10964: $? = 1
configure:10972: checking whether we are using the GNU Fortran compiler
configure:11015: result: yes
configure:11021: checking whether gfortran accepts -g
configure:11061: result: yes
configure:11261: checking for objdir
configure:11276: result: .libs
configure:11572: checking if gcc supports -fno-rtti -fno-exceptions
configure:11590: gcc -c -g -O2  -fno-rtti -fno-exceptions conftest.c >&5
cc1: warning: command-line option '-fno-rtti' is valid for C++/D/ObjC++ but not for C
configure:11594: $? = 0
configure:11607: result: no
configure:11627: checking for gcc option to produce PIC
configure:11899: result: -fPIC -DPIC
configure:11911: checking if gcc PIC flag -fPIC -DPIC works
configure:11929: gcc -c -g -O2  -fPIC -DPIC -DPIC conftest.c >&5
configure:11933: $? = 0
configure:11946: result: yes
configure:11970: checking if gcc static flag -static works
configure:11998: result: yes
configure:12013: checking if gcc supports -c -o file.o
configure:12034: gcc -c -g -O2  -o out/conftest2.o conftest.c >&5
configure:12038: $? = 0
configure:12060: result: yes
configure:12068: checking if gcc supports -c -o file.o
configure:12115: result: yes
configure:12148: checking whether the gcc linker (/usr/bin/ld -m elf_x86_64) supports shared libraries
configure:13238: result: yes
configure:13275: checking whether -lc should be explicitly linked in
configure:13280: gcc -c -g -O2  conftest.c >&5
configure:13283: $? = 0
configure:13298: gcc -shared conftest.o  -v -Wl,-soname -Wl,conftest -o conftest 2\>\&1 \| /usr/bin/grep  -lc  \>/dev/null 2\>\&1
configure:13301: $? = 0
configure:13313: result: no
configure:13477: checking dynamic linker characteristics
configure:13928: gcc -o conftest -g -O2   -Wl,-rpath -Wl,/foo conftest.c  >&5
configure:13935: $? = 0
configure:14168: result: GNU/Linux ld.so
configure:14270: checking how to hardcode library paths into programs
configure:14295: result: immediate
configure:14426: checking for shl_load
configure:14490: gcc -o conftest -g -O2   conftest.c  >&5
/usr/bin/ld: /tmp/cckLHk2p.o: in function `main':
/home/rigel/essnusb/github_Repo/EssnusbV2/third_party/genie/dependencies/lhapdf-5.9.1/conftest.c:67: undefined reference to `shl_load'
collect2: error: ld returned 1 exit status
configure:14497: $? = 1
configure: failed program was:
| /* confdefs.h.  */
| #define PACKAGE_NAME "LHAPDF"
| #define PACKAGE_TARNAME "lhapdf"
| #define PACKAGE_VERSION "5.9.1"
| #define PACKAGE_STRING "LHAPDF 5.9.1"
| #define PACKAGE_BUGREPORT "lhapdf@projects.hepforge.org"
| #define PACKAGE "lhapdf"
| #define VERSION "5.9.1"
| #define LHAPDF_VERSION "5.9.1"
| #define FC_FUNC(name,NAME) name ## _
| #define FC_FUNC_(name,NAME) name ## _
| #define STDC_HEADERS 1
| #define HAVE_SYS_TYPES_H 1
| #define HAVE_SYS_STAT_H 1
| #define HAVE_STDLIB_H 1
| #define HAVE_STRING_H 1
| #define HAVE_MEMORY_H 1
| #define HAVE_STRINGS_H 1
| #define HAVE_INTTYPES_H 1
| #define HAVE_STDINT_H 1
| #define HAVE_UNISTD_H 1
| #define HAVE_DLFCN_H 1
| #define LT_OBJDIR ".libs/"
| /* end confdefs.h.  */
| /* Define shl_load to an innocuous variant, in case <limits.h> declares shl_load.
|    For example, HP-UX 11i <limits.h> declares gettimeofday.  */
| #define shl_load innocuous_shl_load
| 
| /* System header to define __stub macros and hopefully few prototypes,
|     which can conflict with char shl_load (); below.
|     Prefer <limits.h> to <assert.h> if __STDC__ is defined, since
|     <limits.h> exists even on freestanding compilers.  */
| 
| #ifdef __STDC__
| # include <limits.h>
| #else
| # include <assert.h>
| #endif
| 
| #undef shl_load
| 
| /* Override any GCC internal prototype to avoid an error.
|    Use char because int might match the return type of a GCC
|    builtin and then its argument prototype would still apply.  */
| #ifdef __cplusplus
| extern "C"
| #endif
| char shl_load ();
| /* The GNU C library defines this for functions which it implements
|     to always fail with ENOSYS.  Some functions are actually named
|     something starting with __ and the normal name is an alias.  */
| #if defined __stub_shl_load || defined __stub___shl_load
| choke me
| #endif
| 
| #ifdef FC_DUMMY_MAIN
| #ifndef FC_DUMMY_MAIN_EQ_F77
| #  ifdef __cplusplus
|      extern "C"
| #  endif
|    int FC_DUMMY_MAIN() { return 1; }
| #endif
| #endif
| int
| main ()
| {
| return shl_load ();
|   ;
|   return 0;
| }
configure:14517: result: no
configure:14522: checking for shl_load in -ldld
configure:14565: gcc -o conftest -g -O2   conftest.c -ldld   >&5
/usr/bin/ld: cannot find -ldld: No such file or directory
collect2: error: ld returned 1 exit status
configure:14572: $? = 1
configure: failed program was:
| /* confdefs.h.  */
| #define PACKAGE_NAME "LHAPDF"
| #define PACKAGE_TARNAME "lhapdf"
| #define PACKAGE_VERSION "5.9.1"
| #define PACKAGE_STRING "LHAPDF 5.9.1"
| #define PACKAGE_BUGREPORT "lhapdf@projects.hepforge.org"
| #define PACKAGE "lhapdf"
| #define VERSION "5.9.1"
| #define LHAPDF_VERSION "5.9.1"
| #define FC_FUNC(name,NAME) name ## _
| #define FC_FUNC_(name,NAME) name ## _
| #define STDC_HEADERS 1
| #define HAVE_SYS_TYPES_H 1
| #define HAVE_SYS_STAT_H 1
| #define HAVE_STDLIB_H 1
| #define HAVE_STRING_H 1
| #define HAVE_MEMORY_H 1
| #define HAVE_STRINGS_H 1
| #define HAVE_INTTYPES_H 1
| #define HAVE_STDINT_H 1
| #define HAVE_UNISTD_H 1
| #define HAVE_DLFCN_H 1
| #define LT_OBJDIR ".libs/"
| /* end confdefs.h.  */
| 
| /* Override any GCC internal prototype to avoid an error.
|    Use char because int might match the return type of a GCC
|    builtin and then its argument prototype would still apply.  */
| #ifdef __cplusplus
| extern "C"
| #endif
| char shl_load ();
| #ifdef FC_DUMMY_MAIN
| #ifndef FC_DUMMY_MAIN_EQ_F77
| #  ifdef __cplusplus
|      extern "C"
| #  endif
|    int FC_DUMMY_MAIN() { return 1; }
| #endif
| #endif
| int
| main ()
| {
| return shl_load ();
|   ;
|   return 0;
| }
configure:14593: result: no
configure:14598: checking for dlopen
configure:14662: gcc -o conftest -g -O2   conftest.c  >&5
configure:14669: $? = 0
configure:14689: result: yes
configure:14958: checking whether a program can dlopen itself
configure:15028: gcc -o conftest -g -O2  -DHAVE_DLFCN_H  -Wl,--export-dynamic conftest.c   >&5
configure:15031: $? = 0
configure:15049: result: yes
configure:15054: checking whether a statically linked program can dlopen itself
configure:15124: gcc -o conftest -g -O2  -DHAVE_DLFCN_H  -Wl,--export-dynamic -static conftest.c   >&5
/usr/bin/ld: /tmp/ccb6VAbS.o: in function `main':
/home/rigel/essnusb/github_Repo/EssnusbV2/third_party/genie/dependencies/lhapdf-5.9.1/configure:15108: warning: Using 'dlopen' in statically linked applications requires at runtime the shared libraries from the glibc version used for linking
configure:15127: $? = 0
configure:15145: result: no
configure:15184: checking whether stripping libraries is possible
configure:15189: result: yes
configure:15224: checking if libtool supports shared libraries
configure:15226: result: yes
configure:15229: checking whether to build shared libraries
configure:15250: result: yes
configure:15253: checking whether to build static libraries
configure:15257: result: yes
configure:15407: checking for ld used by g++
configure:15474: result: /usr/bin/ld -m elf_x86_64
configure:15483: checking if the linker (/usr/bin/ld -m elf_x86_64) is GNU ld
configure:15498: result: yes
configure:15553: checking whether the g++ linker (/usr/bin/ld -m elf_x86_64) supports shared libraries
configure:16544: result: yes
configure:16572: g++ -c   conftest.cpp >&5
configure:16575: $? = 0
configure:16757: checking for g++ option to produce PIC
configure:17074: result: -fPIC -DPIC
configure:17083: checking if g++ PIC flag -fPIC -DPIC works
configure:17101: g++ -c   -fPIC -DPIC -DPIC conftest.cpp >&5
configure:17105: $? = 0
configure:17118: result: yes
configure:17139: checking if g++ static flag -static works
configure:17167: result: yes
configure:17179: checking if g++ supports -c -o file.o
configure:17200: g++ -c   -o out/conftest2.o conftest.cpp >&5
configure:17204: $? = 0
configure:17226: result: yes
configure:17231: checking if g++ supports -c -o file.o
configure:17278: result: yes
configure:17308: checking whether the g++ linker (/usr/bin/ld -m elf_x86_64) supports shared libraries
configure:17334: result: yes
configure:17471: checking dynamic linker characteristics
configure:17870: g++ -o conftest    -Wl,-rpath -Wl,/foo conftest.cpp  >&5
configure:17877: $? = 0
configure:18110: result: GNU/Linux ld.so
configure:18161: checking how to hardcode library paths into programs
configure:18186: result: immediate
configure:18331: checking if libtool supports shared libraries
configure:18333: result: yes
configure:18336: checking whether to build shared libraries
configure:18356: result: yes
configure:18359: checking whether to build static libraries
configure:18363: result: yes
configure:18389: gfortran -c -std=legacy -ffree-form  conftest.f >&5
configure:18392: $? = 0
configure:18502: checking for gfortran option to produce PIC
configure:18774: result: -fPIC
configure:18783: checking if gfortran PIC flag -fPIC works
configure:18801: gfortran -c -std=legacy -ffree-form -fPIC  conftest.f >&5
configure:18805: $? = 0
configure:18818: result: yes
configure:18839: checking if gfortran static flag -static works
configure:18867: result: yes
configure:18879: checking if gfortran supports -c -o file.o
configure:18900: gfortran -c -std=legacy -ffree-form -o out/conftest2.o  conftest.f >&5
configure:18904: $? = 0
configure:18926: result: yes
configure:18931: checking if gfortran supports -c -o file.o
configure:18978: result: yes
configure:19008: checking whether the gfortran linker (/usr/bin/ld -m elf_x86_64) supports shared libraries
configure:20062: result: yes
configure:20199: checking dynamic linker characteristics
configure:20580: gfortran -o conftest -std=legacy -ffree-form  -Wl,-rpath -Wl,/foo  conftest.f  >&5
configure:20587: $? = 0
configure:20820: result: GNU/Linux ld.so
configure:20871: checking how to hardcode library paths into programs
configure:20896: result: immediate
configure:20945: checking for pdf sets to include
configure:20961: result: all
configure:21198: Number of concurrent PDF set arrays allocated = 3
configure:21231: Building LHAGLUE wrappers
configure:21256: Building C++ wrapper
configure:21288: Not building deprecated C++ wrapper library... good for you.
configure:21316: checking for doxygen
configure:21349: result: no
configure:21395: checking for python
configure:21413: found /usr/bin/python
configure:21425: result: /usr/bin/python
configure:21455: checking whether /usr/bin/python version >= 2.3
configure:21490: result: yes
configure:21504: checking for Python include path
configure:21507: result: /usr/include/python2.7
configure:21515: WARNING: Can't build Python extension since header file /usr/include/python2.7/Python.h cannot be found
configure:21603: checking for octave
configure:21636: result: no
configure:21643: checking for mkoctfile
configure:21676: result: no
configure:21693: checking if the target platform is Windows
configure:21697: result: no
configure:21721: checking if the g++ compiler accepts the -pedantic flag
configure:21748: result: yes
configure:21771: checking if the g++ compiler accepts the -ansi flag
configure:21798: result: yes
configure:21821: checking if the g++ compiler accepts the -Wall flag
configure:21848: result: yes
configure:21872: checking if the gfortran compiler accepts the -pedantic flag
configure:21881: result: no
configure:21903: checking if the gfortran compiler accepts the -Wall flag
configure:21912: result: no
configure:21934: checking if the gfortran compiler accepts the -ffree-form flag
configure:21943: result: yes
configure:22339: creating ./config.status

## ---------------------- ##
## Running config.status. ##
## ---------------------- ##

This file was extended by LHAPDF config.status 5.9.1, which was
generated by GNU Autoconf 2.63.  Invocation command line was

  CONFIG_FILES    = 
  CONFIG_HEADERS  = 
  CONFIG_LINKS    = 
  CONFIG_COMMANDS = 
  $ ./config.status 

on rigel-VirtualBox

config.status:1200: creating Makefile
config.status:1200: creating src/Makefile
config.status:1200: creating src/parmsetup.inc
config.status:1200: creating include/Makefile
config.status:1200: creating include/LHAPDF/Makefile
config.status:1200: creating ccwrap/Makefile
config.status:1200: creating lib/Makefile
config.status:1200: creating examples/Makefile
config.status:1200: creating pyext/Makefile
config.status:1200: creating pyext/setup.py
config.status:1200: creating octave/Makefile
config.status:1200: creating bin/Makefile
config.status:1200: creating bin/lhapdf-config
config.status:1200: creating tests/Makefile
config.status:1200: creating config/config.h
config.status:1422: config/config.h is unchanged
config.status:1200: creating include/LHAPDF/FortranWrappers.h
config.status:1422: include/LHAPDF/FortranWrappers.h is unchanged
config.status:1200: creating include/LHAPDF/LHAPDFConfig.h
config.status:1422: include/LHAPDF/LHAPDFConfig.h is unchanged
config.status:1474: executing depfiles commands
config.status:1474: executing libtool commands

## ---------------- ##
## Cache variables. ##
## ---------------- ##

ac_cv_build=x86_64-unknown-linux-gnu
ac_cv_c_compiler_gnu=yes
ac_cv_cxx_compiler_gnu=yes
ac_cv_env_CCC_set=
ac_cv_env_CCC_value=
ac_cv_env_CC_set=
ac_cv_env_CC_value=
ac_cv_env_CFLAGS_set=
ac_cv_env_CFLAGS_value=
ac_cv_env_CPPFLAGS_set=
ac_cv_env_CPPFLAGS_value=
ac_cv_env_CPP_set=
ac_cv_env_CPP_value=
ac_cv_env_CXXCPP_set=
ac_cv_env_CXXCPP_value=
ac_cv_env_CXXFLAGS_set=set
ac_cv_env_CXXFLAGS_value=
ac_cv_env_CXX_set=
ac_cv_env_CXX_value=
ac_cv_env_FCFLAGS_set=set
ac_cv_env_FCFLAGS_value=-std=legacy
ac_cv_env_FC_set=
ac_cv_env_FC_value=
ac_cv_env_LDFLAGS_set=
ac_cv_env_LDFLAGS_value=
ac_cv_env_LIBS_set=
ac_cv_env_LIBS_value=
ac_cv_env_PYTHON_set=
ac_cv_env_PYTHON_value=
ac_cv_env_build_alias_set=
ac_cv_env_build_alias_value=
ac_cv_env_host_alias_set=
ac_cv_env_host_alias_value=
ac_cv_env_target_alias_set=
ac_cv_env_target_alias_value=
ac_cv_fc_compiler_gnu=yes
ac_cv_fc_dummy_main=none
ac_cv_fc_freeform=-ffree-form
ac_cv_fc_libs=' -L/usr/lib/gcc/x86_64-linux-gnu/11 -L/usr/lib/gcc/x86_64-linux-gnu/11/../../../x86_64-linux-gnu -L/usr/lib/gcc/x86_64-linux-gnu/11/../../../../lib -L/lib/x86_64-linux-gnu -L/lib/../lib -L/usr/lib/x86_64-linux-gnu -L/usr/lib/../lib -L/usr/lib/gcc/x86_64-linux-gnu/11/../../.. -lgfortran -lm -lquadmath'
ac_cv_fc_mangling='lower case, underscore, no extra underscore'
ac_cv_file__proc_self_maps=yes
ac_cv_fortran_dummy_main=none
ac_cv_func_dlopen=yes
ac_cv_func_shl_load=no
ac_cv_header_dlfcn_h=yes
ac_cv_header_inttypes_h=yes
ac_cv_header_memory_h=yes
ac_cv_header_stdc=yes
ac_cv_header_stdint_h=yes
ac_cv_header_stdlib_h=yes
ac_cv_header_string_h=yes
ac_cv_header_strings_h=yes
ac_cv_header_sys_stat_h=yes
ac_cv_header_sys_types_h=yes
ac_cv_header_unistd_h=yes
ac_cv_host=x86_64-unknown-linux-gnu
ac_cv_lib_dld_shl_load=no
ac_cv_objext=o
ac_cv_path_EGREP='/usr/bin/grep -E'
ac_cv_path_FGREP='/usr/bin/grep -F'
ac_cv_path_GREP=/usr/bin/grep
ac_cv_path_PYTHON=/usr/bin/python
ac_cv_path_SED=/usr/bin/sed
ac_cv_path_install='/usr/bin/install -c'
ac_cv_path_mkdir=/usr/bin/mkdir
ac_cv_prog_AWK=gawk
ac_cv_prog_CPP='gcc -E'
ac_cv_prog_CXXCPP='g++ -E'
ac_cv_prog_ac_ct_AR=ar
ac_cv_prog_ac_ct_CC=gcc
ac_cv_prog_ac_ct_CXX=g++
ac_cv_prog_ac_ct_FC=gfortran
ac_cv_prog_ac_ct_OBJDUMP=objdump
ac_cv_prog_ac_ct_RANLIB=ranlib
ac_cv_prog_ac_ct_STRIP=strip
ac_cv_prog_cc_c89=
ac_cv_prog_cc_g=yes
ac_cv_prog_cxx_g=yes
ac_cv_prog_fc_g=yes
ac_cv_prog_fc_v=-v
ac_cv_prog_make_make_set=yes
am_cv_CC_dependencies_compiler_type=gcc3
am_cv_CXX_dependencies_compiler_type=gcc3
br_cv_binreloc=no
br_cv_valid_prefixes=no
lt_cv_deplibs_check_method=pass_all
lt_cv_dlopen=dlopen
lt_cv_dlopen_libs=
lt_cv_dlopen_self=yes
lt_cv_dlopen_self_static=no
lt_cv_file_magic_cmd='$MAGIC_CMD'
lt_cv_file_magic_test_file=
lt_cv_ld_reload_flag=-r
lt_cv_nm_interface='BSD nm'
lt_cv_objdir=.libs
lt_cv_path_LD=/usr/bin/ld
lt_cv_path_LDCXX='/usr/bin/ld -m elf_x86_64'
lt_cv_path_NM='/usr/bin/nm -B'
lt_cv_prog_compiler_c_o=yes
lt_cv_prog_compiler_c_o_CXX=yes
lt_cv_prog_compiler_c_o_FC=yes
lt_cv_prog_compiler_pic_works=yes
lt_cv_prog_compiler_pic_works_CXX=yes
lt_cv_prog_compiler_pic_works_FC=yes
lt_cv_prog_compiler_rtti_exceptions=no
lt_cv_prog_compiler_static_works=yes
lt_cv_prog_compiler_static_works_CXX=yes
lt_cv_prog_compiler_static_works_FC=yes
lt_cv_prog_gnu_ld=yes
lt_cv_prog_gnu_ldcxx=yes
lt_cv_sys_global_symbol_pipe='sed -n -e '\''s/^.*[	 ]\([ABCDGIRSTW][ABCDGIRSTW]*\)[	 ][	 ]*\([_A-Za-z][_A-Za-z0-9]*\)$/\1 \2 \2/p'\'''
lt_cv_sys_global_symbol_to_c_name_address='sed -n -e '\''s/^: \([^ ]*\) $/  {\"\1\", (void *) 0},/p'\'' -e '\''s/^[ABCDGIRSTW]* \([^ ]*\) \([^ ]*\)$/  {"\2", (void *) \&\2},/p'\'''
lt_cv_sys_global_symbol_to_c_name_address_lib_prefix='sed -n -e '\''s/^: \([^ ]*\) $/  {\"\1\", (void *) 0},/p'\'' -e '\''s/^[ABCDGIRSTW]* \([^ ]*\) \(lib[^ ]*\)$/  {"\2", (void *) \&\2},/p'\'' -e '\''s/^[ABCDGIRSTW]* \([^ ]*\) \([^ ]*\)$/  {"lib\2", (void *) \&\2},/p'\'''
lt_cv_sys_global_symbol_to_cdecl='sed -n -e '\''s/^T .* \(.*\)$/extern int \1();/p'\'' -e '\''s/^[ABCDGIRSTW]* .* \(.*\)$/extern char \1;/p'\'''
lt_cv_sys_max_cmd_len=1572864

## ----------------- ##
## Output variables. ##
## ----------------- ##

ACLOCAL='${SHELL} /home/rigel/essnusb/github_Repo/EssnusbV2/third_party/genie/dependencies/lhapdf-5.9.1/config/missing --run aclocal-1.10'
AMDEPBACKSLASH='\'
AMDEP_FALSE='#'
AMDEP_TRUE=''
AMTAR='${SHELL} /home/rigel/essnusb/github_Repo/EssnusbV2/third_party/genie/dependencies/lhapdf-5.9.1/config/missing --run tar'
AM_CPPFLAGS=' -I$(top_srcdir)/include -I$(top_builddir)/include -DDEFAULTPREFIXPATH=\"NONE\" -DDEFAULTLHAPATH=\"${datarootdir}\" '
AM_CXXFLAGS=' -pedantic  -ansi  -Wall '
AM_FCFLAGS=' -ffree-form '
AM_FFLAGS=' -ffree-form '
AR='ar'
AUTOCONF='${SHELL} /home/rigel/essnusb/github_Repo/EssnusbV2/third_party/genie/dependencies/lhapdf-5.9.1/config/missing --run autoconf'
AUTOHEADER='${SHELL} /home/rigel/essnusb/github_Repo/EssnusbV2/third_party/genie/dependencies/lhapdf-5.9.1/config/missing --run autoheader'
AUTOMAKE='${SHELL} /home/rigel/essnusb/github_Repo/EssnusbV2/third_party/genie/dependencies/lhapdf-5.9.1/config/missing --run automake-1.10'
AWK='gawk'
BINRELOC_CFLAGS=''
BINRELOC_LIBS=''
CC='gcc'
CCDEPMODE='depmode=gcc3'
CFLAGS='-g -O2'
CPP='gcc -E'
CPPFLAGS=''
CXX='g++'
CXXCPP='g++ -E'
CXXDEPMODE='depmode=gcc3'
CXXFLAGS=''
CYGPATH_W='echo'
DEFS='-DHAVE_CONFIG_H'
DEPDIR='.deps'
DOXYGEN=''
DSYMUTIL=''
DUMPBIN=''
ECHO_C=''
ECHO_N='-n'
ECHO_T=''
EGREP='/usr/bin/grep -E'
ENABLE_CCWRAP_FALSE='#'
ENABLE_CCWRAP_TRUE=''
ENABLE_LHAGLUE_FALSE='#'
ENABLE_LHAGLUE_TRUE=''
ENABLE_LOWMEM_FALSE=''
ENABLE_LOWMEM_TRUE='#'
ENABLE_OLDCCWRAP_FALSE=''
ENABLE_OLDCCWRAP_TRUE='#'
ENABLE_PYEXT_FALSE=''
ENABLE_PYEXT_TRUE='#'
EXEEXT=''
F77='gfortran'
FC='gfortran'
FCFLAGS='-std=legacy -ffree-form'
FCLIBS=' -L/usr/lib/gcc/x86_64-linux-gnu/11 -L/usr/lib/gcc/x86_64-linux-gnu/11/../../../x86_64-linux-gnu -L/usr/lib/gcc/x86_64-linux-gnu/11/../../../../lib -L/lib/x86_64-linux-gnu -L/lib/../lib -L/usr/lib/x86_64-linux-gnu -L/usr/lib/../lib -L/usr/lib/gcc/x86_64-linux-gnu/11/../../.. -lgfortran -lm -lquadmath'
FFLAGS=' -std=legacy -ffree-form'
FGREP='/usr/bin/grep -F'
GREP='/usr/bin/grep'
INSTALL_DATA='${INSTALL} -m 644'
INSTALL_PROGRAM='${INSTALL}'
INSTALL_SCRIPT='${INSTALL}'
INSTALL_STRIP_PROGRAM='$(install_sh) -c -s'
LD='/usr/bin/ld -m elf_x86_64'
LDFLAGS=''
LIBOBJS=''
LIBS=''
LIBTOOL='$(SHELL) $(top_builddir)/libtool'
LIPO=''
LN_S='ln -s'
LTLIBOBJS=''
MAKEINFO='${SHELL} /home/rigel/essnusb/github_Repo/EssnusbV2/third_party/genie/dependencies/lhapdf-5.9.1/config/missing --run makeinfo'
MKDIR_P='/usr/bin/mkdir -p'
MKOCTFILE=''
NM='/usr/bin/nm -B'
NMEDIT=''
NMXSET='3'
OBJDUMP='objdump'
OBJEXT='o'
OCTAVE=''
OTOOL64=''
OTOOL=''
PACKAGE='lhapdf'
PACKAGE_BUGREPORT='lhapdf@projects.hepforge.org'
PACKAGE_NAME='LHAPDF'
PACKAGE_STRING='LHAPDF 5.9.1'
PACKAGE_TARNAME='lhapdf'
PACKAGE_VERSION='5.9.1'
PATH_SEPARATOR=':'
PYTHON='/usr/bin/python'
PYTHON_USE_FALSE='#'
PYTHON_USE_TRUE=''
RANLIB='ranlib'
SED='/usr/bin/sed'
SET_MAKE=''
SHELL='/bin/bash'
STRIP='strip'
SWIG=''
SWVERS=''
USING_WIN32_FALSE=''
USING_WIN32_TRUE='#'
VERSION='5.9.1'
VERSIONFLAGS='-version-info 1:6:5'
WANT_ALEKHIN_FALSE='#'
WANT_ALEKHIN_TRUE=''
WANT_ALL_FALSE='#'
WANT_ALL_TRUE=''
WANT_BOTJE_FALSE='#'
WANT_BOTJE_TRUE=''
WANT_CTEQ_FALSE='#'
WANT_CTEQ_TRUE=''
WANT_FERMI_FALSE='#'
WANT_FERMI_TRUE=''
WANT_GJR_FALSE='#'
WANT_GJR_TRUE=''
WANT_GRV_FALSE='#'
WANT_GRV_TRUE=''
WANT_H1_FALSE='#'
WANT_H1_TRUE=''
WANT_HERA_FALSE='#'
WANT_HERA_TRUE=''
WANT_HKN_FALSE='#'
WANT_HKN_TRUE=''
WANT_MRST06_FALSE='#'
WANT_MRST06_TRUE=''
WANT_MRST98_FALSE='#'
WANT_MRST98_TRUE=''
WANT_MRSTQED_FALSE='#'
WANT_MRSTQED_TRUE=''
WANT_MRST_FALSE='#'
WANT_MRST_TRUE=''
WANT_MSTW_FALSE='#'
WANT_MSTW_TRUE=''
WANT_NNPDF_FALSE='#'
WANT_NNPDF_TRUE=''
WANT_PHOTONS_FALSE='#'
WANT_PHOTONS_TRUE=''
WANT_PIONS_FALSE='#'
WANT_PIONS_TRUE=''
WANT_QCDNUM_FALSE='#'
WANT_QCDNUM_TRUE=''
WANT_USER_FALSE='#'
WANT_USER_TRUE=''
WANT_ZEUS_FALSE='#'
WANT_ZEUS_TRUE=''
WITH_DOXYGEN_FALSE=''
WITH_DOXYGEN_TRUE='#'
WITH_OCTAVE_FALSE=''
WITH_OCTAVE_TRUE='#'
WITH_OSX_FALSE=''
WITH_OSX_TRUE='#'
ac_ct_CC='gcc'
ac_ct_CXX='g++'
ac_ct_DUMPBIN=''
ac_ct_FC='gfortran'
am__fastdepCC_FALSE='#'
am__fastdepCC_TRUE=''
am__fastdepCXX_FALSE='#'
am__fastdepCXX_TRUE=''
am__include='include'
am__isrc=''
am__leading_dot='.'
am__quote=''
am__tar='${AMTAR} chof - "$$tardir"'
am__untar='${AMTAR} xf -'
bindir='${exec_prefix}/bin'
build='x86_64-unknown-linux-gnu'
build_alias=''
build_cpu='x86_64'
build_os='linux-gnu'
build_vendor='unknown'
datadir='${datarootdir}'
datarootdir='${prefix}/share'
docdir='${datarootdir}/doc/${PACKAGE_TARNAME}'
dvidir='${docdir}'
exec_prefix='${prefix}'
host='x86_64-unknown-linux-gnu'
host_alias=''
host_cpu='x86_64'
host_os='linux-gnu'
host_vendor='unknown'
htmldir='${docdir}'
includedir='${prefix}/include'
infodir='${datarootdir}/info'
install_sh='$(SHELL) /home/rigel/essnusb/github_Repo/EssnusbV2/third_party/genie/dependencies/lhapdf-5.9.1/config/install-sh'
libdir='${exec_prefix}/lib'
libexecdir='${exec_prefix}/libexec'
localedir='${datarootdir}/locale'
localstatedir='${prefix}/var'
lt_ECHO='echo'
mandir='${datarootdir}/man'
mkdir_p='/usr/bin/mkdir -p'
oldincludedir='/usr/include'
pdfdir='${docdir}'
prefix='/usr/local'
program_transform_name='s,x,x,'
psdir='${docdir}'
sbindir='${exec_prefix}/sbin'
sharedstatedir='${prefix}/com'
sysconfdir='${prefix}/etc'
target_alias=''

## ----------- ##
## confdefs.h. ##
## ----------- ##

#define PACKAGE_NAME "LHAPDF"
#define PACKAGE_TARNAME "lhapdf"
#define PACKAGE_VERSION "5.9.1"
#define PACKAGE_STRING "LHAPDF 5.9.1"
#define PACKAGE_BUGREPORT "lhapdf@projects.hepforge.org"
#define PACKAGE "lhapdf"
#define VERSION "5.9.1"
#define LHAPDF_VERSION "5.9.1"
#define FC_FUNC(name,NAME) name ## _
#define FC_FUNC_(name,NAME) name ## _
#define STDC_HEADERS 1
#define HAVE_SYS_TYPES_H 1
#define HAVE_SYS_STAT_H 1
#define HAVE_STDLIB_H 1
#define HAVE_STRING_H 1
#define HAVE_MEMORY_H 1
#define HAVE_STRINGS_H 1
#define HAVE_INTTYPES_H 1
#define HAVE_STDINT_H 1
#define HAVE_UNISTD_H 1
#define HAVE_DLFCN_H 1
#define LT_OBJDIR ".libs/"
#define LHAPDF_NMXSET "3"

configure: exit 0
